<?xml version="1.0" encoding="UTF-8"?>
<!-- Generated by org.testng.reporters.JUnitReportReporter -->
<testsuite hostname="hav" name="Tests.LoginTest" tests="6" failures="0" timestamp="6 May 2016 19:32:03 GMT" time="4.530" errors="0">
  <testcase name="loginTest" time="0.478" classname="Tests.LoginTest"/>
  <testcase name="loginTest" time="0.873" classname="Tests.LoginTest"/>
  <testcase name="loginTest" time="0.600" classname="Tests.LoginTest"/>
  <testcase name="loginTest" time="1.655" classname="Tests.LoginTest"/>
  <testcase name="loginTest" time="0.472" classname="Tests.LoginTest"/>
  <testcase name="loginTest" time="0.452" classname="Tests.LoginTest"/>
</testsuite> <!-- Tests.LoginTest -->
