<?xml version="1.0" encoding="UTF-8"?>
<!-- Generated by org.testng.reporters.JUnitReportReporter -->
<testsuite hostname="hav" name="Tests.AlertTest" tests="5" failures="0" timestamp="6 May 2016 19:32:03 GMT" time="4.668" errors="0">
  <testcase name="alertTest" time="0.208" classname="Tests.AlertTest"/>
  <testcase name="alertTest" time="0.192" classname="Tests.AlertTest"/>
  <testcase name="alertTest" time="3.915" classname="Tests.AlertTest"/>
  <testcase name="alertTest" time="0.172" classname="Tests.AlertTest"/>
  <testcase name="alertTest" time="0.181" classname="Tests.AlertTest"/>
</testsuite> <!-- Tests.AlertTest -->
