<?xml version="1.0" encoding="UTF-8"?>
<!-- Generated by org.testng.reporters.JUnitReportReporter -->
<testsuite hostname="hav" name="Tests.DropdownTest" tests="1" failures="0" timestamp="6 May 2016 19:32:03 GMT" time="3.301" errors="0">
  <testcase name="dropdowntTest" time="3.301" classname="Tests.DropdownTest"/>
</testsuite> <!-- Tests.DropdownTest -->
