<?xml version="1.0" encoding="UTF-8"?>
<!-- Generated by org.testng.reporters.JUnitReportReporter -->
<testsuite hostname="hav" name="Tests.HoverTest" tests="1" failures="0" timestamp="6 May 2016 19:32:03 GMT" time="0.597" errors="0">
  <testcase name="hoverTest" time="0.597" classname="Tests.HoverTest"/>
</testsuite> <!-- Tests.HoverTest -->
